<?xml version="1.0" encoding="UTF-8"?>
<!-- Generated by org.testng.reporters.JUnitXMLReporter -->
<testsuite hostname="LAPTOP-E83JG8MC" ignored="0" name="Test" tests="6" failures="0" timestamp="31 Dec 2020 04:37:10 GMT" time="0.471" errors="0">
  <testcase name="PostJira" time="0.067" classname="Mainproject.RESTAPITest"/>
  <testcase name="deleteTwitter" time="0.003" classname="Mainproject.RESTAPITest"/>
  <testcase name="BrowserAutomation" time="0.004" classname="Mainproject.SeleniumTest"/>
  <testcase name="ElementsUI" time="0.009" classname="Mainproject.SeleniumTest"/>
  <testcase name="IOSApps" time="0.005" classname="Mainproject.AppiumTest"/>
  <testcase name="NativeAppAndroid" time="0.004" classname="Mainproject.AppiumTest"/>
</testsuite> <!-- Test -->
