<?xml version="1.0" encoding="UTF-8"?>
<!-- Generated by org.testng.reporters.JUnitXMLReporter -->
<testsuite hostname="LAPTOP-E83JG8MC" ignored="0" name="Test" tests="6" failures="0" timestamp="2020-12-31T11:29:31 IST" time="0.264" errors="0">
  <testcase name="PostJira" time="0.047" classname="Mainproject.RESTAPITest"/>
  <testcase name="deleteTwitter" time="0.002" classname="Mainproject.RESTAPITest"/>
  <testcase name="BrowserAutomation" time="0.002" classname="Mainproject.SeleniumTest"/>
  <testcase name="ElementsUI" time="0.001" classname="Mainproject.SeleniumTest"/>
  <testcase name="IOSApps" time="0.001" classname="Mainproject.AppiumTest"/>
  <testcase name="NativeAppAndroid" time="0.004" classname="Mainproject.AppiumTest"/>
</testsuite> <!-- Test -->
