<?xml version="1.0" encoding="UTF-8"?>
<testng-results skipped="0" failed="0" ignored="0" total="6" passed="6">
  <reporter-output>
  </reporter-output>
  <suite name="Suite" duration-ms="264" started-at="2020-12-31T11:29:30 IST" finished-at="2020-12-31T11:29:31 IST">
    <groups>
    </groups>
    <test name="Test" duration-ms="264" started-at="2020-12-31T11:29:30 IST" finished-at="2020-12-31T11:29:31 IST">
      <class name="Mainproject.AppiumTest">
        <test-method status="PASS" signature="IOSApps()[pri:0, instance:Mainproject.AppiumTest@26aa12dd]" name="IOSApps" duration-ms="1" started-at="2020-12-31T11:29:31 IST" finished-at="2020-12-31T11:29:31 IST">
          <reporter-output>
          </reporter-output>
        </test-method> <!-- IOSApps -->
        <test-method status="PASS" signature="NativeAppAndroid()[pri:0, instance:Mainproject.AppiumTest@26aa12dd]" name="NativeAppAndroid" duration-ms="4" started-at="2020-12-31T11:29:31 IST" finished-at="2020-12-31T11:29:31 IST">
          <reporter-output>
          </reporter-output>
        </test-method> <!-- NativeAppAndroid -->
      </class> <!-- Mainproject.AppiumTest -->
      <class name="Mainproject.SeleniumTest">
        <test-method status="PASS" signature="BrowserAutomation()[pri:0, instance:Mainproject.SeleniumTest@131276c2]" name="BrowserAutomation" duration-ms="2" started-at="2020-12-31T11:29:31 IST" finished-at="2020-12-31T11:29:31 IST">
          <reporter-output>
          </reporter-output>
        </test-method> <!-- BrowserAutomation -->
        <test-method status="PASS" signature="ElementsUI()[pri:0, instance:Mainproject.SeleniumTest@131276c2]" name="ElementsUI" duration-ms="1" started-at="2020-12-31T11:29:31 IST" finished-at="2020-12-31T11:29:31 IST">
          <reporter-output>
          </reporter-output>
        </test-method> <!-- ElementsUI -->
      </class> <!-- Mainproject.SeleniumTest -->
      <class name="Mainproject.RESTAPITest">
        <test-method status="PASS" signature="PostJira()[pri:0, instance:Mainproject.RESTAPITest@1c3a4799]" name="PostJira" duration-ms="47" started-at="2020-12-31T11:29:30 IST" finished-at="2020-12-31T11:29:30 IST">
          <reporter-output>
          </reporter-output>
        </test-method> <!-- PostJira -->
        <test-method status="PASS" signature="deleteTwitter()[pri:0, instance:Mainproject.RESTAPITest@1c3a4799]" name="deleteTwitter" duration-ms="2" started-at="2020-12-31T11:29:30 IST" finished-at="2020-12-31T11:29:30 IST">
          <reporter-output>
          </reporter-output>
        </test-method> <!-- deleteTwitter -->
      </class> <!-- Mainproject.RESTAPITest -->
    </test> <!-- Test -->
  </suite> <!-- Suite -->
</testng-results>
